<?xml version="1.0" encoding="utf-8"?><testsuites name="pytest tests"><testsuite name="pytest" errors="0" failures="0" skipped="0" tests="20" time="7.346" timestamp="2026-05-10T13:34:23.148488+00:00" hostname="agent-env-17983778-9194-4876-a164-ee0367c746e4"><testcase classname="backend.tests.test_auth_and_api.TestHealthAndBasics" name="test_api_reachable" time="0.238" /><testcase classname="backend.tests.test_auth_and_api.TestAuthLogin" name="test_login_success" time="0.397" /><testcase classname="backend.tests.test_auth_and_api.TestAuthLogin" name="test_login_invalid_credentials" time="0.111" /><testcase classname="backend.tests.test_auth_and_api.TestAuthLogin" name="test_login_missing_fields" time="0.104" /><testcase classname="backend.tests.test_auth_and_api.TestAuthRegister" name="test_register_new_user" time="0.366" /><testcase classname="backend.tests.test_auth_and_api.TestAuthRegister" name="test_register_duplicate_email" time="0.145" /><testcase classname="backend.tests.test_auth_and_api.TestAuthMe" name="test_get_me_authenticated" time="0.447" /><testcase classname="backend.tests.test_auth_and_api.TestAuthMe" name="test_get_me_unauthenticated" time="0.132" /><testcase classname="backend.tests.test_auth_and_api.TestAuthMe" name="test_get_me_invalid_token" time="0.113" /><testcase classname="backend.tests.test_auth_and_api.TestGoogleAuth" name="test_google_auth_endpoint_exists" time="0.147" /><testcase classname="backend.tests.test_auth_and_api.TestProtectedEndpoints" name="test_get_profile" time="0.483" /><testcase classname="backend.tests.test_auth_and_api.TestProtectedEndpoints" name="test_get_contacts" time="0.453" /><testcase classname="backend.tests.test_auth_and_api.TestProtectedEndpoints" name="test_get_incidents" time="0.429" /><testcase classname="backend.tests.test_auth_and_api.TestProtectedEndpoints" name="test_get_safe_zones" time="0.446" /><testcase classname="backend.tests.test_auth_and_api.TestProtectedEndpoints" name="test_get_trips" time="0.449" /><testcase classname="backend.tests.test_auth_and_api.TestProtectedEndpoints" name="test_get_subscription" time="0.432" /><testcase classname="backend.tests.test_auth_and_api.TestContactsCRUD" name="test_create_and_delete_contact" time="0.798" /><testcase classname="backend.tests.test_auth_and_api.TestTripsCRUD" name="test_create_trip" time="0.544" /><testcase classname="backend.tests.test_auth_and_api.TestSafeZonesCRUD" name="test_create_and_delete_safe_zone" time="0.553" /><testcase classname="backend.tests.test_auth_and_api.TestLocationEndpoints" name="test_update_location" time="0.439" /></testsuite></testsuites>