<?xml version="1.0" encoding="utf-8"?><testsuites name="pytest tests"><testsuite name="pytest" errors="0" failures="0" skipped="0" tests="28" time="10.747" timestamp="2026-05-10T15:01:53.574555+00:00" hostname="agent-env-17983778-9194-4876-a164-ee0367c746e4"><testcase classname="backend.tests.test_auth_and_api.TestHealthAndBasics" name="test_api_reachable" time="0.131" /><testcase classname="backend.tests.test_auth_and_api.TestAuthLogin" name="test_login_success" time="0.334" /><testcase classname="backend.tests.test_auth_and_api.TestAuthLogin" name="test_login_invalid_credentials" time="0.111" /><testcase classname="backend.tests.test_auth_and_api.TestAuthLogin" name="test_login_missing_fields" time="0.113" /><testcase classname="backend.tests.test_auth_and_api.TestAuthRegister" name="test_register_new_user" time="0.337" /><testcase classname="backend.tests.test_auth_and_api.TestAuthRegister" name="test_register_duplicate_email" time="0.174" /><testcase classname="backend.tests.test_auth_and_api.TestAuthMe" name="test_get_me_authenticated" time="0.496" /><testcase classname="backend.tests.test_auth_and_api.TestAuthMe" name="test_get_me_unauthenticated" time="0.114" /><testcase classname="backend.tests.test_auth_and_api.TestAuthMe" name="test_get_me_invalid_token" time="0.124" /><testcase classname="backend.tests.test_auth_and_api.TestGoogleAuth" name="test_google_auth_endpoint_exists" time="0.391" /><testcase classname="backend.tests.test_auth_and_api.TestProtectedEndpoints" name="test_get_profile" time="0.476" /><testcase classname="backend.tests.test_auth_and_api.TestProtectedEndpoints" name="test_get_contacts" time="0.439" /><testcase classname="backend.tests.test_auth_and_api.TestProtectedEndpoints" name="test_get_incidents" time="0.457" /><testcase classname="backend.tests.test_auth_and_api.TestProtectedEndpoints" name="test_get_safe_zones" time="0.462" /><testcase classname="backend.tests.test_auth_and_api.TestProtectedEndpoints" name="test_get_trips" time="0.447" /><testcase classname="backend.tests.test_auth_and_api.TestProtectedEndpoints" name="test_get_subscription" time="0.443" /><testcase classname="backend.tests.test_auth_and_api.TestContactsCRUD" name="test_create_and_delete_contact" time="0.886" /><testcase classname="backend.tests.test_auth_and_api.TestTripsCRUD" name="test_create_trip" time="0.583" /><testcase classname="backend.tests.test_auth_and_api.TestSafeZonesCRUD" name="test_create_and_delete_safe_zone" time="0.780" /><testcase classname="backend.tests.test_auth_and_api.TestLocationEndpoints" name="test_update_location" time="0.532" /><testcase classname="backend.tests.test_nigeria_features.TestSMSSOSEndpoint" name="test_sms_sos_endpoint_exists" time="0.108" /><testcase classname="backend.tests.test_nigeria_features.TestSMSSOSEndpoint" name="test_sms_sos_with_unregistered_phone" time="0.148" /><testcase classname="backend.tests.test_nigeria_features.TestSendLocationEndpoint" name="test_send_location_endpoint_exists" time="0.465" /><testcase classname="backend.tests.test_nigeria_features.TestSendLocationEndpoint" name="test_send_location_requires_auth" time="0.132" /><testcase classname="backend.tests.test_nigeria_features.TestSendLocationEndpoint" name="test_send_location_with_auth" time="0.487" /><testcase classname="backend.tests.test_nigeria_features.TestIncidentCreation" name="test_create_one_chance_incident" time="0.562" /><testcase classname="backend.tests.test_nigeria_features.TestIncidentCreation" name="test_create_sms_sos_incident_type" time="0.497" /><testcase classname="backend.tests.test_nigeria_features.TestTestAlertEndpoint" name="test_test_alert_endpoint_exists" time="0.453" /></testsuite></testsuites>